
2024/09/05 (22:30:05) | ===> btop++ v.1.3.2
2024/09/05 (22:30:05) | WARNING: NVML: Failed to get maximum GPU power draw, defaulting to 225W: Not Supported

2024/09/05 (22:33:10) | ===> btop++ v.1.3.2
2024/09/05 (22:33:10) | WARNING: NVML: Failed to get maximum GPU power draw, defaulting to 225W: Not Supported

2024/09/24 (20:52:46) | ===> btop++ v.1.4.0
2024/09/24 (20:52:46) | WARNING: NVML: Failed to get maximum GPU power draw, defaulting to 225W: Not Supported
2024/09/24 (20:52:46) | WARNING: Intel GPU: Failed to initialize PMU

2024/09/24 (20:55:55) | ===> btop++ v.1.4.0
2024/09/24 (20:55:55) | WARNING: NVML: Failed to get maximum GPU power draw, defaulting to 225W: Not Supported
2024/09/24 (20:55:55) | WARNING: Intel GPU: Failed to initialize PMU

2024/09/27 (16:56:45) | ===> btop++ v.1.4.0
2024/09/27 (16:56:45) | WARNING: NVML: Failed to get maximum GPU power draw, defaulting to 225W: Not Supported
2024/09/27 (16:56:45) | WARNING: Intel GPU: Failed to initialize PMU

2024/09/28 (10:16:03) | ===> btop++ v.1.4.0
2024/09/28 (10:16:03) | WARNING: NVML: Failed to get maximum GPU power draw, defaulting to 225W: Not Supported
2024/09/28 (10:16:03) | WARNING: Intel GPU: Failed to initialize PMU

2024/09/28 (20:44:21) | ===> btop++ v.1.4.0
2024/09/28 (20:44:21) | WARNING: NVML: Failed to get maximum GPU power draw, defaulting to 225W: Not Supported
2024/09/28 (20:44:21) | WARNING: Intel GPU: Failed to initialize PMU

2024/10/02 (19:13:37) | ===> btop++ v.1.4.0
2024/10/02 (19:13:37) | WARNING: NVML: Failed to get maximum GPU power draw, defaulting to 225W: Not Supported
2024/10/02 (19:13:37) | WARNING: Intel GPU: Failed to initialize PMU

2024/10/05 (15:49:46) | ===> btop++ v.1.4.0
2024/10/05 (15:49:46) | WARNING: NVML: Failed to get maximum GPU power draw, defaulting to 225W: Not Supported
2024/10/05 (15:49:47) | WARNING: Intel GPU: Failed to initialize PMU

2024/10/05 (17:12:16) | ===> btop++ v.1.4.0
2024/10/05 (17:12:16) | WARNING: NVML: Failed to get maximum GPU power draw, defaulting to 225W: Not Supported
2024/10/05 (17:12:16) | WARNING: Intel GPU: Failed to initialize PMU

2024/10/07 (15:46:33) | ===> btop++ v.1.4.0
2024/10/07 (15:46:33) | WARNING: NVML: Failed to get maximum GPU power draw, defaulting to 225W: Not Supported
2024/10/07 (15:46:33) | WARNING: Intel GPU: Failed to initialize PMU

2024/10/07 (16:04:05) | ===> btop++ v.1.4.0
2024/10/07 (16:04:05) | WARNING: NVML: Failed to get maximum GPU power draw, defaulting to 225W: Not Supported
2024/10/07 (16:04:05) | WARNING: Intel GPU: Failed to initialize PMU

2024/10/08 (12:39:15) | ===> btop++ v.1.4.0
2024/10/08 (12:39:15) | WARNING: NVML: Failed to get maximum GPU power draw, defaulting to 225W: Not Supported
2024/10/08 (12:39:15) | WARNING: Intel GPU: Failed to initialize PMU

2024/10/10 (00:00:18) | ===> btop++ v.1.4.0
2024/10/10 (00:00:18) | WARNING: NVML: Failed to get maximum GPU power draw, defaulting to 225W: Not Supported
2024/10/10 (00:00:18) | WARNING: Intel GPU: Failed to initialize PMU

2024/10/10 (12:10:16) | ===> btop++ v.1.4.0
2024/10/10 (12:10:16) | WARNING: NVML: Failed to get maximum GPU power draw, defaulting to 225W: Not Supported
2024/10/10 (12:10:16) | WARNING: Intel GPU: Failed to initialize PMU

2024/10/10 (12:28:19) | ===> btop++ v.1.4.0
2024/10/10 (12:28:19) | WARNING: NVML: Failed to get maximum GPU power draw, defaulting to 225W: Not Supported
2024/10/10 (12:28:19) | WARNING: Intel GPU: Failed to initialize PMU

2024/10/10 (12:38:48) | ===> btop++ v.1.4.0
2024/10/10 (12:38:48) | WARNING: NVML: Failed to get maximum GPU power draw, defaulting to 225W: Not Supported
2024/10/10 (12:38:48) | WARNING: Intel GPU: Failed to initialize PMU

2024/10/11 (18:53:23) | ===> btop++ v.1.4.0
2024/10/11 (18:53:23) | WARNING: NVML: Failed to get maximum GPU power draw, defaulting to 225W: Not Supported
2024/10/11 (18:53:23) | WARNING: Intel GPU: Failed to initialize PMU

2024/10/12 (22:52:48) | ===> btop++ v.1.4.0
2024/10/12 (22:52:48) | WARNING: NVML: Failed to get maximum GPU power draw, defaulting to 225W: Not Supported
2024/10/12 (22:52:48) | WARNING: Intel GPU: Failed to initialize PMU

2024/10/12 (22:53:04) | ===> btop++ v.1.4.0
2024/10/12 (22:53:04) | WARNING: NVML: Failed to get maximum GPU power draw, defaulting to 225W: Not Supported
2024/10/12 (22:53:04) | WARNING: Intel GPU: Failed to initialize PMU

2024/10/12 (23:01:45) | ===> btop++ v.1.4.0
2024/10/12 (23:01:45) | WARNING: NVML: Failed to get maximum GPU power draw, defaulting to 225W: Not Supported
2024/10/12 (23:01:45) | WARNING: Intel GPU: Failed to initialize PMU

2024/10/13 (13:11:30) | ===> btop++ v.1.4.0
2024/10/13 (13:11:30) | WARNING: NVML: Failed to get maximum GPU power draw, defaulting to 225W: Not Supported
2024/10/13 (13:11:30) | WARNING: Intel GPU: Failed to initialize PMU

2024/10/13 (16:50:05) | ===> btop++ v.1.4.0
2024/10/13 (16:50:05) | WARNING: NVML: Failed to get maximum GPU power draw, defaulting to 225W: Not Supported
2024/10/13 (16:50:05) | WARNING: Intel GPU: Failed to initialize PMU

2024/10/13 (16:50:21) | ===> btop++ v.1.4.0
2024/10/13 (16:50:21) | WARNING: NVML: Failed to get maximum GPU power draw, defaulting to 225W: Not Supported
2024/10/13 (16:50:21) | WARNING: Intel GPU: Failed to initialize PMU

2024/10/13 (23:16:17) | ===> btop++ v.1.4.0
2024/10/13 (23:16:17) | WARNING: NVML: Failed to get maximum GPU power draw, defaulting to 225W: Not Supported
2024/10/13 (23:16:17) | WARNING: Intel GPU: Failed to initialize PMU

2024/10/13 (23:32:04) | ===> btop++ v.1.4.0
2024/10/13 (23:32:04) | WARNING: NVML: Failed to get maximum GPU power draw, defaulting to 225W: Not Supported
2024/10/13 (23:32:04) | WARNING: Intel GPU: Failed to initialize PMU

2024/10/13 (23:43:37) | ===> btop++ v.1.4.0
2024/10/13 (23:43:37) | WARNING: NVML: Failed to get maximum GPU power draw, defaulting to 225W: Not Supported
2024/10/13 (23:43:37) | WARNING: Intel GPU: Failed to initialize PMU

2024/10/13 (23:44:17) | ===> btop++ v.1.4.0
2024/10/13 (23:44:17) | WARNING: NVML: Failed to get maximum GPU power draw, defaulting to 225W: Not Supported
2024/10/13 (23:44:17) | WARNING: Intel GPU: Failed to initialize PMU

2024/10/15 (00:21:51) | ===> btop++ v.1.4.0
2024/10/15 (00:21:51) | WARNING: NVML: Failed to get maximum GPU power draw, defaulting to 225W: Not Supported
2024/10/15 (00:21:51) | WARNING: Intel GPU: Failed to initialize PMU

2024/10/15 (00:47:56) | ===> btop++ v.1.4.0
2024/10/15 (00:47:56) | WARNING: NVML: Failed to get maximum GPU power draw, defaulting to 225W: Not Supported
2024/10/15 (00:47:56) | WARNING: Intel GPU: Failed to initialize PMU

2024/10/15 (00:59:56) | ===> btop++ v.1.4.0
2024/10/15 (00:59:56) | WARNING: NVML: Failed to get maximum GPU power draw, defaulting to 225W: Not Supported
2024/10/15 (00:59:56) | WARNING: Intel GPU: Failed to initialize PMU

2024/10/15 (20:40:52) | ===> btop++ v.1.4.0
2024/10/15 (20:40:52) | WARNING: NVML: Failed to get maximum GPU power draw, defaulting to 225W: Not Supported
2024/10/15 (20:40:52) | WARNING: Intel GPU: Failed to initialize PMU

2024/10/15 (20:46:57) | ===> btop++ v.1.4.0
2024/10/15 (20:46:57) | WARNING: NVML: Failed to get maximum GPU power draw, defaulting to 225W: Not Supported
2024/10/15 (20:46:57) | WARNING: Intel GPU: Failed to initialize PMU

2024/10/15 (21:37:10) | ===> btop++ v.1.4.0
2024/10/15 (21:37:10) | WARNING: NVML: Failed to get maximum GPU power draw, defaulting to 225W: Not Supported
2024/10/15 (21:37:10) | WARNING: Intel GPU: Failed to initialize PMU

2024/10/15 (21:39:40) | ===> btop++ v.1.4.0
2024/10/15 (21:39:40) | WARNING: NVML: Failed to get maximum GPU power draw, defaulting to 225W: Not Supported
2024/10/15 (21:39:40) | WARNING: Intel GPU: Failed to initialize PMU

2024/10/16 (02:31:50) | ===> btop++ v.1.4.0
2024/10/16 (02:31:50) | WARNING: NVML: Failed to get maximum GPU power draw, defaulting to 225W: Not Supported
2024/10/16 (02:31:50) | WARNING: Intel GPU: Failed to initialize PMU

2024/10/16 (13:55:39) | ===> btop++ v.1.4.0
2024/10/16 (13:55:39) | WARNING: NVML: Failed to get maximum GPU power draw, defaulting to 225W: Not Supported
2024/10/16 (13:55:39) | WARNING: Intel GPU: Failed to initialize PMU

2024/10/16 (21:57:29) | ===> btop++ v.1.4.0
2024/10/16 (21:57:29) | WARNING: NVML: Failed to get maximum GPU power draw, defaulting to 225W: Not Supported
2024/10/16 (21:57:29) | WARNING: Intel GPU: Failed to initialize PMU

2024/10/16 (23:01:05) | ===> btop++ v.1.4.0
2024/10/16 (23:01:05) | WARNING: NVML: Failed to get maximum GPU power draw, defaulting to 225W: Not Supported
2024/10/16 (23:01:06) | WARNING: Intel GPU: Failed to initialize PMU

2024/10/17 (14:06:02) | ===> btop++ v.1.4.0
2024/10/17 (14:06:02) | WARNING: NVML: Failed to get maximum GPU power draw, defaulting to 225W: Not Supported
2024/10/17 (14:06:02) | WARNING: Intel GPU: Failed to initialize PMU

2024/10/17 (14:07:38) | ===> btop++ v.1.4.0
2024/10/17 (14:07:38) | WARNING: NVML: Failed to get maximum GPU power draw, defaulting to 225W: Not Supported
2024/10/17 (14:07:38) | WARNING: Intel GPU: Failed to initialize PMU
2024/10/17 (14:08:38) | ERROR: Stall in Runner thread, restarting!

2024/10/17 (15:13:50) | ===> btop++ v.1.4.0
2024/10/17 (15:13:50) | WARNING: NVML: Failed to get maximum GPU power draw, defaulting to 225W: Not Supported
2024/10/17 (15:13:50) | WARNING: Intel GPU: Failed to initialize PMU

2024/10/18 (12:41:14) | ===> btop++ v.1.4.0
2024/10/18 (12:41:14) | WARNING: NVML: Failed to get maximum GPU power draw, defaulting to 225W: Not Supported
2024/10/18 (12:41:14) | WARNING: Intel GPU: Failed to initialize PMU

2024/10/18 (17:22:57) | ===> btop++ v.1.4.0
2024/10/18 (17:22:57) | WARNING: NVML: Failed to get maximum GPU power draw, defaulting to 225W: Not Supported
2024/10/18 (17:22:57) | WARNING: Intel GPU: Failed to initialize PMU

2024/10/18 (17:38:55) | ===> btop++ v.1.4.0
2024/10/18 (17:38:55) | WARNING: NVML: Failed to get maximum GPU power draw, defaulting to 225W: Not Supported
2024/10/18 (17:38:55) | WARNING: Intel GPU: Failed to initialize PMU

2024/10/18 (19:06:08) | ===> btop++ v.1.4.0
2024/10/18 (19:06:08) | WARNING: NVML: Failed to get maximum GPU power draw, defaulting to 225W: Not Supported
2024/10/18 (19:06:08) | WARNING: Intel GPU: Failed to initialize PMU

2024/10/18 (19:43:56) | ===> btop++ v.1.4.0
2024/10/18 (19:43:56) | WARNING: NVML: Failed to get maximum GPU power draw, defaulting to 225W: Not Supported
2024/10/18 (19:43:56) | WARNING: Intel GPU: Failed to initialize PMU

2024/10/19 (10:45:41) | ===> btop++ v.1.4.0
2024/10/19 (10:45:41) | WARNING: NVML: Failed to get maximum GPU power draw, defaulting to 225W: Not Supported
2024/10/19 (10:45:41) | WARNING: Intel GPU: Failed to initialize PMU

2024/10/19 (12:36:24) | ===> btop++ v.1.4.0
2024/10/19 (12:36:24) | WARNING: NVML: Failed to get maximum GPU power draw, defaulting to 225W: Not Supported
2024/10/19 (12:36:24) | WARNING: Intel GPU: Failed to initialize PMU

2024/10/19 (16:57:30) | ===> btop++ v.1.4.0
2024/10/19 (16:57:30) | WARNING: NVML: Failed to get maximum GPU power draw, defaulting to 225W: Not Supported
2024/10/19 (16:57:30) | WARNING: Intel GPU: Failed to initialize PMU

2024/10/19 (17:19:43) | ===> btop++ v.1.4.0
2024/10/19 (17:19:43) | WARNING: NVML: Failed to get maximum GPU power draw, defaulting to 225W: Not Supported
2024/10/19 (17:19:43) | WARNING: Intel GPU: Failed to initialize PMU

2024/10/19 (18:25:16) | ===> btop++ v.1.4.0
2024/10/19 (18:25:16) | WARNING: NVML: Failed to get maximum GPU power draw, defaulting to 225W: Not Supported
2024/10/19 (18:25:16) | WARNING: Intel GPU: Failed to initialize PMU

2024/10/19 (21:43:02) | ===> btop++ v.1.4.0
2024/10/19 (21:43:02) | WARNING: NVML: Failed to get maximum GPU power draw, defaulting to 225W: Not Supported
2024/10/19 (21:43:02) | WARNING: Intel GPU: Failed to initialize PMU

2024/10/19 (22:48:09) | ===> btop++ v.1.4.0
2024/10/19 (22:48:09) | WARNING: NVML: Failed to get maximum GPU power draw, defaulting to 225W: Not Supported
2024/10/19 (22:48:09) | WARNING: Intel GPU: Failed to initialize PMU

2024/10/19 (22:48:50) | ===> btop++ v.1.4.0
2024/10/19 (22:48:50) | WARNING: NVML: Failed to get maximum GPU power draw, defaulting to 225W: Not Supported
2024/10/19 (22:48:50) | WARNING: Intel GPU: Failed to initialize PMU

2024/10/20 (00:42:45) | ===> btop++ v.1.4.0
2024/10/20 (00:42:45) | WARNING: NVML: Failed to get maximum GPU power draw, defaulting to 225W: Not Supported
2024/10/20 (00:42:45) | WARNING: Intel GPU: Failed to initialize PMU

2024/10/20 (09:59:16) | ===> btop++ v.1.4.0
2024/10/20 (09:59:16) | WARNING: NVML: Failed to get maximum GPU power draw, defaulting to 225W: Not Supported
2024/10/20 (09:59:16) | WARNING: Intel GPU: Failed to initialize PMU

2024/10/20 (10:05:56) | ===> btop++ v.1.4.0
2024/10/20 (10:05:56) | WARNING: NVML: Failed to get maximum GPU power draw, defaulting to 225W: Not Supported
2024/10/20 (10:05:56) | WARNING: Intel GPU: Failed to initialize PMU

2024/10/20 (12:12:49) | ===> btop++ v.1.4.0
2024/10/20 (12:12:49) | WARNING: NVML: Failed to get maximum GPU power draw, defaulting to 225W: Not Supported
2024/10/20 (12:12:49) | WARNING: Intel GPU: Failed to initialize PMU

2024/10/20 (12:13:03) | ===> btop++ v.1.4.0
2024/10/20 (12:13:03) | WARNING: NVML: Failed to get maximum GPU power draw, defaulting to 225W: Not Supported
2024/10/20 (12:13:03) | WARNING: Intel GPU: Failed to initialize PMU

2024/10/20 (13:05:04) | ===> btop++ v.1.4.0
2024/10/20 (13:05:04) | WARNING: NVML: Failed to get maximum GPU power draw, defaulting to 225W: Not Supported
2024/10/20 (13:05:04) | WARNING: Intel GPU: Failed to initialize PMU

2024/10/20 (13:05:52) | ===> btop++ v.1.4.0
2024/10/20 (13:05:52) | WARNING: NVML: Failed to get maximum GPU power draw, defaulting to 225W: Not Supported
2024/10/20 (13:05:53) | WARNING: Intel GPU: Failed to initialize PMU

2024/10/21 (01:06:57) | ===> btop++ v.1.4.0
2024/10/21 (01:06:57) | WARNING: NVML: Failed to get maximum GPU power draw, defaulting to 225W: Not Supported
2024/10/21 (01:06:57) | WARNING: Intel GPU: Failed to initialize PMU

2024/10/21 (14:49:36) | ===> btop++ v.1.4.0
2024/10/21 (14:49:36) | WARNING: NVML: Failed to get maximum GPU power draw, defaulting to 225W: Not Supported
2024/10/21 (14:49:36) | WARNING: Intel GPU: Failed to initialize PMU

2024/10/22 (11:49:14) | ===> btop++ v.1.4.0
2024/10/22 (11:49:14) | WARNING: NVML: Failed to get maximum GPU power draw, defaulting to 225W: Not Supported
2024/10/22 (11:49:15) | WARNING: Intel GPU: Failed to initialize PMU

2024/10/22 (12:49:29) | ===> btop++ v.1.4.0
2024/10/22 (12:49:29) | WARNING: NVML: Failed to get maximum GPU power draw, defaulting to 225W: Not Supported
2024/10/22 (12:49:29) | WARNING: Intel GPU: Failed to initialize PMU

2024/10/22 (12:52:24) | ===> btop++ v.1.4.0
2024/10/22 (12:52:24) | WARNING: NVML: Failed to get maximum GPU power draw, defaulting to 225W: Not Supported
2024/10/22 (12:52:24) | WARNING: Intel GPU: Failed to initialize PMU

2024/10/22 (17:31:53) | ===> btop++ v.1.4.0
2024/10/22 (17:31:53) | WARNING: NVML: Failed to get maximum GPU power draw, defaulting to 225W: Not Supported
2024/10/22 (17:31:53) | WARNING: Intel GPU: Failed to initialize PMU

2024/10/22 (17:58:04) | ===> btop++ v.1.4.0
2024/10/22 (17:58:04) | WARNING: NVML: Failed to get maximum GPU power draw, defaulting to 225W: Not Supported
2024/10/22 (17:58:04) | WARNING: Intel GPU: Failed to initialize PMU

2024/10/22 (18:02:21) | ===> btop++ v.1.4.0
2024/10/22 (18:02:21) | WARNING: NVML: Failed to get maximum GPU power draw, defaulting to 225W: Not Supported
2024/10/22 (18:02:21) | WARNING: Intel GPU: Failed to initialize PMU

2024/10/22 (18:05:26) | ===> btop++ v.1.4.0
2024/10/22 (18:05:26) | WARNING: NVML: Failed to get maximum GPU power draw, defaulting to 225W: Not Supported
2024/10/22 (18:05:26) | WARNING: Intel GPU: Failed to initialize PMU

2024/10/22 (20:40:16) | ===> btop++ v.1.4.0
2024/10/22 (20:40:16) | WARNING: NVML: Failed to get maximum GPU power draw, defaulting to 225W: Not Supported
2024/10/22 (20:40:16) | WARNING: Intel GPU: Failed to initialize PMU

2024/10/23 (12:05:52) | ===> btop++ v.1.4.0
2024/10/23 (12:05:52) | WARNING: NVML: Failed to get maximum GPU power draw, defaulting to 225W: Not Supported
2024/10/23 (12:05:52) | WARNING: Intel GPU: Failed to initialize PMU

2024/10/23 (23:35:19) | ===> btop++ v.1.4.0
2024/10/23 (23:35:19) | WARNING: NVML: Failed to get maximum GPU power draw, defaulting to 225W: Not Supported
2024/10/23 (23:35:19) | WARNING: Intel GPU: Failed to initialize PMU

2024/10/24 (00:00:03) | ===> btop++ v.1.4.0
2024/10/24 (00:00:03) | WARNING: NVML: Failed to get maximum GPU power draw, defaulting to 225W: Not Supported
2024/10/24 (00:00:03) | WARNING: Intel GPU: Failed to initialize PMU

2024/10/28 (00:32:07) | ===> btop++ v.1.4.0
2024/10/28 (00:32:07) | WARNING: NVML: Failed to get maximum GPU power draw, defaulting to 225W: Not Supported
2024/10/28 (00:32:07) | WARNING: Intel GPU: Failed to initialize PMU

2024/10/28 (11:08:41) | ===> btop++ v.1.4.0
2024/10/28 (11:08:41) | WARNING: NVML: Failed to get maximum GPU power draw, defaulting to 225W: Not Supported
2024/10/28 (11:08:41) | WARNING: Intel GPU: Failed to initialize PMU

2024/10/29 (15:35:47) | ===> btop++ v.1.4.0
2024/10/29 (15:35:47) | WARNING: NVML: Failed to get maximum GPU power draw, defaulting to 225W: Not Supported
2024/10/29 (15:35:47) | WARNING: Intel GPU: Failed to initialize PMU

2024/10/29 (18:22:19) | ===> btop++ v.1.4.0
2024/10/29 (18:22:19) | WARNING: NVML: Failed to get maximum GPU power draw, defaulting to 225W: Not Supported
2024/10/29 (18:22:19) | WARNING: Intel GPU: Failed to initialize PMU

2024/10/29 (19:08:32) | ===> btop++ v.1.4.0
2024/10/29 (19:08:32) | WARNING: NVML: Failed to get maximum GPU power draw, defaulting to 225W: Not Supported
2024/10/29 (19:08:32) | WARNING: Intel GPU: Failed to initialize PMU

2024/10/29 (19:54:51) | ===> btop++ v.1.4.0
2024/10/29 (19:54:51) | WARNING: NVML: Failed to get maximum GPU power draw, defaulting to 225W: Not Supported
2024/10/29 (19:54:51) | WARNING: Intel GPU: Failed to initialize PMU

2024/10/30 (03:17:12) | ===> btop++ v.1.4.0
2024/10/30 (03:17:12) | WARNING: NVML: Failed to get maximum GPU power draw, defaulting to 225W: Not Supported
2024/10/30 (03:17:12) | WARNING: Intel GPU: Failed to initialize PMU

2024/10/30 (13:23:52) | ===> btop++ v.1.4.0
2024/10/30 (13:23:52) | WARNING: NVML: Failed to get maximum GPU power draw, defaulting to 225W: Not Supported
2024/10/30 (13:23:52) | WARNING: Intel GPU: Failed to initialize PMU

2024/10/31 (18:40:13) | ===> btop++ v.1.4.0
2024/10/31 (18:40:13) | WARNING: NVML: Failed to get maximum GPU power draw, defaulting to 225W: Not Supported
2024/10/31 (18:40:13) | WARNING: Intel GPU: Failed to initialize PMU

2024/11/01 (13:28:51) | ===> btop++ v.1.4.0
2024/11/01 (13:28:51) | WARNING: NVML: Failed to get maximum GPU power draw, defaulting to 225W: Not Supported
2024/11/01 (13:28:51) | WARNING: Intel GPU: Failed to initialize PMU

2024/11/01 (13:31:32) | ===> btop++ v.1.4.0
2024/11/01 (13:31:32) | WARNING: NVML: Failed to get maximum GPU power draw, defaulting to 225W: Not Supported
2024/11/01 (13:31:32) | WARNING: Intel GPU: Failed to initialize PMU

2024/11/01 (13:31:53) | ===> btop++ v.1.4.0
2024/11/01 (13:31:53) | WARNING: NVML: Failed to get maximum GPU power draw, defaulting to 225W: Not Supported
2024/11/01 (13:31:54) | WARNING: Intel GPU: Failed to initialize PMU

2024/11/01 (17:15:13) | ===> btop++ v.1.4.0
2024/11/01 (17:15:13) | WARNING: NVML: Failed to get maximum GPU power draw, defaulting to 225W: Not Supported
2024/11/01 (17:15:14) | WARNING: Intel GPU: Failed to initialize PMU

2024/11/01 (21:19:26) | ===> btop++ v.1.4.0
2024/11/01 (21:19:26) | WARNING: NVML: Failed to get maximum GPU power draw, defaulting to 225W: Not Supported
2024/11/01 (21:19:26) | WARNING: Intel GPU: Failed to initialize PMU

2024/11/01 (21:43:31) | ===> btop++ v.1.4.0
2024/11/01 (21:43:31) | WARNING: NVML: Failed to get maximum GPU power draw, defaulting to 225W: Not Supported
2024/11/01 (21:43:31) | WARNING: Intel GPU: Failed to initialize PMU

2024/11/01 (23:48:55) | ===> btop++ v.1.4.0
2024/11/01 (23:48:55) | WARNING: NVML: Failed to get maximum GPU power draw, defaulting to 225W: Not Supported
2024/11/01 (23:48:55) | WARNING: Intel GPU: Failed to initialize PMU
2024/11/02 (01:23:33) | ERROR: Stall in Runner thread, restarting!

2024/11/02 (02:13:34) | ===> btop++ v.1.4.0
2024/11/02 (02:13:34) | WARNING: NVML: Failed to get maximum GPU power draw, defaulting to 225W: Not Supported
2024/11/02 (02:13:34) | WARNING: Intel GPU: Failed to initialize PMU

2024/11/02 (22:26:42) | ===> btop++ v.1.4.0
2024/11/02 (22:26:42) | WARNING: NVML: Failed to get maximum GPU power draw, defaulting to 225W: Not Supported
2024/11/02 (22:26:42) | WARNING: Intel GPU: Failed to initialize PMU

2024/11/02 (22:35:58) | ===> btop++ v.1.4.0
2024/11/02 (22:35:58) | WARNING: NVML: Failed to get maximum GPU power draw, defaulting to 225W: Not Supported
2024/11/02 (22:35:58) | WARNING: Intel GPU: Failed to initialize PMU

2024/11/03 (02:24:22) | ===> btop++ v.1.4.0
2024/11/03 (02:24:22) | WARNING: NVML: Failed to get maximum GPU power draw, defaulting to 225W: Not Supported
2024/11/03 (02:24:22) | WARNING: Intel GPU: Failed to initialize PMU

2024/11/03 (02:24:52) | ===> btop++ v.1.4.0
2024/11/03 (02:24:52) | WARNING: NVML: Failed to get maximum GPU power draw, defaulting to 225W: Not Supported
2024/11/03 (02:24:52) | WARNING: Intel GPU: Failed to initialize PMU

2024/11/04 (09:50:21) | ===> btop++ v.1.4.0
2024/11/04 (09:50:21) | WARNING: NVML: Failed to get maximum GPU power draw, defaulting to 225W: Not Supported
2024/11/04 (09:50:21) | WARNING: Intel GPU: Failed to initialize PMU

2024/11/04 (11:04:55) | ===> btop++ v.1.4.0
2024/11/04 (11:04:55) | WARNING: NVML: Failed to get maximum GPU power draw, defaulting to 225W: Not Supported
2024/11/04 (11:04:55) | WARNING: Intel GPU: Failed to initialize PMU

2024/11/04 (11:06:13) | ===> btop++ v.1.4.0
2024/11/04 (11:06:13) | WARNING: NVML: Failed to get maximum GPU power draw, defaulting to 225W: Not Supported
2024/11/04 (11:06:13) | WARNING: Intel GPU: Failed to initialize PMU
2024/11/04 (12:26:09) | ERROR: Couldn't determine terminal size of "STDOUT_FILENO"!

2024/11/04 (15:27:06) | ===> btop++ v.1.4.0
2024/11/04 (15:27:06) | WARNING: NVML: Failed to get maximum GPU power draw, defaulting to 225W: Not Supported
2024/11/04 (15:27:06) | WARNING: Intel GPU: Failed to initialize PMU

2024/11/04 (15:31:18) | ===> btop++ v.1.4.0
2024/11/04 (15:31:18) | WARNING: NVML: Failed to get maximum GPU power draw, defaulting to 225W: Not Supported
2024/11/04 (15:31:18) | WARNING: Intel GPU: Failed to initialize PMU

2024/11/04 (15:41:40) | ===> btop++ v.1.4.0
2024/11/04 (15:41:40) | WARNING: NVML: Failed to get maximum GPU power draw, defaulting to 225W: Not Supported
2024/11/04 (15:41:40) | WARNING: Intel GPU: Failed to initialize PMU

2024/11/04 (17:34:02) | ===> btop++ v.1.4.0
2024/11/04 (17:34:02) | WARNING: NVML: Failed to get maximum GPU power draw, defaulting to 225W: Not Supported
2024/11/04 (17:34:02) | WARNING: Intel GPU: Failed to initialize PMU

2024/11/04 (17:34:07) | ===> btop++ v.1.4.0
2024/11/04 (17:34:07) | WARNING: NVML: Failed to get maximum GPU power draw, defaulting to 225W: Not Supported
2024/11/04 (17:34:07) | WARNING: Intel GPU: Failed to initialize PMU

2024/11/04 (17:34:58) | ===> btop++ v.1.4.0
2024/11/04 (17:34:58) | WARNING: NVML: Failed to get maximum GPU power draw, defaulting to 225W: Not Supported
2024/11/04 (17:34:58) | WARNING: Intel GPU: Failed to initialize PMU

2024/11/04 (17:41:22) | ===> btop++ v.1.4.0
2024/11/04 (17:41:22) | WARNING: NVML: Failed to get maximum GPU power draw, defaulting to 225W: Not Supported
2024/11/04 (17:41:22) | WARNING: Intel GPU: Failed to initialize PMU

2024/11/05 (00:49:38) | ===> btop++ v.1.4.0
2024/11/05 (00:49:38) | WARNING: Intel GPU: Failed to initialize PMU

2024/11/05 (00:50:05) | ===> btop++ v.1.4.0
2024/11/05 (00:50:05) | WARNING: Intel GPU: Failed to initialize PMU

2024/11/05 (00:50:55) | ===> btop++ v.1.4.0
2024/11/05 (00:50:55) | WARNING: Intel GPU: Failed to initialize PMU

2024/11/05 (02:58:54) | ===> btop++ v.1.4.0
2024/11/05 (02:58:54) | WARNING: NVML: Failed to get maximum GPU power draw, defaulting to 225W: Not Supported
2024/11/05 (02:58:54) | WARNING: Intel GPU: Failed to initialize PMU

2024/11/05 (03:01:48) | ===> btop++ v.1.4.0
2024/11/05 (03:01:48) | WARNING: NVML: Failed to get maximum GPU power draw, defaulting to 225W: Not Supported
2024/11/05 (03:01:48) | WARNING: Intel GPU: Failed to initialize PMU
2024/11/05 (03:01:57) | ERROR: Stall in Runner thread, restarting!
2024/11/05 (03:01:57) | ERROR: Stall in Runner thread, restarting!
2024/11/05 (03:02:03) | ERROR: Stall in Runner thread, restarting!
2024/11/05 (03:02:09) | ERROR: Stall in Runner thread, restarting!

2024/11/05 (09:19:57) | ===> btop++ v.1.4.0
2024/11/05 (09:19:57) | WARNING: NVML: Failed to get maximum GPU power draw, defaulting to 225W: Not Supported
2024/11/05 (09:19:57) | WARNING: Intel GPU: Failed to initialize PMU

2024/11/05 (09:36:36) | ===> btop++ v.1.4.0
2024/11/05 (09:36:36) | WARNING: NVML: Failed to get maximum GPU power draw, defaulting to 225W: Not Supported
2024/11/05 (09:36:36) | WARNING: Intel GPU: Failed to initialize PMU

2024/11/05 (11:08:39) | ===> btop++ v.1.4.0
2024/11/05 (11:08:39) | WARNING: NVML: Failed to get maximum GPU power draw, defaulting to 225W: Not Supported
2024/11/05 (11:08:39) | WARNING: Intel GPU: Failed to initialize PMU

2024/11/05 (11:14:39) | ===> btop++ v.1.4.0
2024/11/05 (11:14:39) | WARNING: NVML: Failed to get maximum GPU power draw, defaulting to 225W: Not Supported
2024/11/05 (11:14:39) | WARNING: Intel GPU: Failed to initialize PMU

2024/11/05 (12:50:59) | ===> btop++ v.1.4.0
2024/11/05 (12:50:59) | WARNING: NVML: Failed to get maximum GPU power draw, defaulting to 225W: Not Supported
2024/11/05 (12:50:59) | WARNING: Intel GPU: Failed to initialize PMU

2024/11/05 (12:51:55) | ===> btop++ v.1.4.0
2024/11/05 (12:51:55) | WARNING: NVML: Failed to get maximum GPU power draw, defaulting to 225W: Not Supported
2024/11/05 (12:51:55) | WARNING: Intel GPU: Failed to initialize PMU

2024/11/05 (12:52:51) | ===> btop++ v.1.4.0
2024/11/05 (12:52:51) | WARNING: NVML: Failed to get maximum GPU power draw, defaulting to 225W: Not Supported
2024/11/05 (12:52:51) | WARNING: Intel GPU: Failed to initialize PMU

2024/11/05 (17:11:32) | ===> btop++ v.1.4.0
2024/11/05 (17:11:32) | WARNING: NVML: Failed to get maximum GPU power draw, defaulting to 225W: Not Supported
2024/11/05 (17:11:32) | WARNING: Intel GPU: Failed to initialize PMU

2024/11/05 (17:18:25) | ===> btop++ v.1.4.0
2024/11/05 (17:18:25) | WARNING: NVML: Failed to get maximum GPU power draw, defaulting to 225W: Not Supported
2024/11/05 (17:18:25) | WARNING: Intel GPU: Failed to initialize PMU

2024/11/05 (17:23:52) | ===> btop++ v.1.4.0
2024/11/05 (17:23:52) | WARNING: NVML: Failed to get maximum GPU power draw, defaulting to 225W: Not Supported
2024/11/05 (17:23:52) | WARNING: Intel GPU: Failed to initialize PMU

2024/11/05 (17:33:38) | ===> btop++ v.1.4.0
2024/11/05 (17:33:38) | WARNING: NVML: Failed to get maximum GPU power draw, defaulting to 225W: Not Supported
2024/11/05 (17:33:38) | WARNING: Intel GPU: Failed to initialize PMU

2024/11/05 (18:26:33) | ===> btop++ v.1.4.0
2024/11/05 (18:26:33) | WARNING: NVML: Failed to get maximum GPU power draw, defaulting to 225W: Not Supported
2024/11/05 (18:26:33) | WARNING: Intel GPU: Failed to initialize PMU

2024/11/05 (18:26:51) | ===> btop++ v.1.4.0
2024/11/05 (18:26:51) | WARNING: NVML: Failed to get maximum GPU power draw, defaulting to 225W: Not Supported
2024/11/05 (18:26:51) | WARNING: Intel GPU: Failed to initialize PMU

2024/11/05 (18:30:52) | ===> btop++ v.1.4.0
2024/11/05 (18:30:52) | WARNING: NVML: Failed to get maximum GPU power draw, defaulting to 225W: Not Supported
2024/11/05 (18:30:52) | WARNING: Intel GPU: Failed to initialize PMU

2024/11/05 (19:35:18) | ===> btop++ v.1.4.0
2024/11/05 (19:35:18) | WARNING: NVML: Failed to get maximum GPU power draw, defaulting to 225W: Not Supported
2024/11/05 (19:35:19) | WARNING: Intel GPU: Failed to initialize PMU

2024/11/06 (11:10:58) | ===> btop++ v.1.4.0
2024/11/06 (11:10:58) | WARNING: NVML: Failed to get maximum GPU power draw, defaulting to 225W: Not Supported
2024/11/06 (11:10:58) | WARNING: Intel GPU: Failed to initialize PMU

2024/11/06 (15:14:27) | ===> btop++ v.1.4.0
2024/11/06 (15:14:27) | WARNING: NVML: Failed to get maximum GPU power draw, defaulting to 225W: Not Supported
2024/11/06 (15:14:27) | WARNING: Intel GPU: Failed to initialize PMU

2024/11/07 (12:21:47) | ===> btop++ v.1.4.0
2024/11/07 (12:21:47) | WARNING: NVML: Failed to get maximum GPU power draw, defaulting to 225W: Not Supported
2024/11/07 (12:21:47) | WARNING: Intel GPU: Failed to initialize PMU

2024/11/07 (14:12:05) | ===> btop++ v.1.4.0
2024/11/07 (14:12:05) | WARNING: NVML: Failed to get maximum GPU power draw, defaulting to 225W: Not Supported
2024/11/07 (14:12:05) | WARNING: Intel GPU: Failed to initialize PMU

2024/11/07 (20:24:40) | ===> btop++ v.1.4.0
2024/11/07 (20:24:40) | WARNING: NVML: Failed to get maximum GPU power draw, defaulting to 225W: Not Supported
2024/11/07 (20:24:40) | WARNING: Intel GPU: Failed to initialize PMU

2024/11/07 (20:29:25) | ===> btop++ v.1.4.0
2024/11/07 (20:29:25) | WARNING: NVML: Failed to get maximum GPU power draw, defaulting to 225W: Not Supported
2024/11/07 (20:29:25) | WARNING: Intel GPU: Failed to initialize PMU

2024/11/07 (20:39:29) | ===> btop++ v.1.4.0
2024/11/07 (20:39:29) | WARNING: NVML: Failed to get maximum GPU power draw, defaulting to 225W: Not Supported
2024/11/07 (20:39:29) | WARNING: Intel GPU: Failed to initialize PMU

2024/11/07 (20:39:45) | ===> btop++ v.1.4.0
2024/11/07 (20:39:45) | WARNING: NVML: Failed to get maximum GPU power draw, defaulting to 225W: Not Supported
2024/11/07 (20:39:45) | WARNING: Intel GPU: Failed to initialize PMU

2024/11/10 (12:21:14) | ===> btop++ v.1.4.0
2024/11/10 (12:21:14) | WARNING: NVML: Failed to get maximum GPU power draw, defaulting to 225W: Not Supported
2024/11/10 (12:21:15) | WARNING: Intel GPU: Failed to initialize PMU

2024/11/10 (14:27:33) | ===> btop++ v.1.4.0
2024/11/10 (14:27:33) | WARNING: NVML: Failed to get maximum GPU power draw, defaulting to 225W: Not Supported
2024/11/10 (14:27:33) | WARNING: Intel GPU: Failed to initialize PMU

2024/11/10 (18:23:56) | ===> btop++ v.1.4.0
2024/11/10 (18:23:56) | WARNING: NVML: Failed to get maximum GPU power draw, defaulting to 225W: Not Supported
2024/11/10 (18:23:56) | WARNING: Intel GPU: Failed to initialize PMU

2024/11/11 (16:22:37) | ===> btop++ v.1.4.0
2024/11/11 (16:22:37) | WARNING: NVML: Failed to get maximum GPU power draw, defaulting to 225W: Not Supported
2024/11/11 (16:22:37) | WARNING: Intel GPU: Failed to initialize PMU

2024/11/11 (19:43:44) | ===> btop++ v.1.4.0
2024/11/11 (19:43:44) | WARNING: NVML: Failed to get maximum GPU power draw, defaulting to 225W: Not Supported
2024/11/11 (19:43:44) | WARNING: Intel GPU: Failed to initialize PMU

2024/11/13 (22:44:13) | ===> btop++ v.1.4.0
2024/11/13 (22:44:13) | WARNING: NVML: Failed to get maximum GPU power draw, defaulting to 225W: Not Supported
2024/11/13 (22:44:13) | WARNING: Intel GPU: Failed to initialize PMU

2024/11/13 (22:53:55) | ===> btop++ v.1.4.0
2024/11/13 (22:53:55) | WARNING: NVML: Failed to get maximum GPU power draw, defaulting to 225W: Not Supported
2024/11/13 (22:53:55) | WARNING: Intel GPU: Failed to initialize PMU

2024/11/13 (22:53:58) | ===> btop++ v.1.4.0
2024/11/13 (22:53:58) | WARNING: NVML: Failed to get maximum GPU power draw, defaulting to 225W: Not Supported
2024/11/13 (22:53:58) | WARNING: Intel GPU: Failed to initialize PMU

2024/11/14 (17:02:26) | ===> btop++ v.1.4.0
2024/11/14 (17:02:26) | WARNING: NVML: Failed to get maximum GPU power draw, defaulting to 225W: Not Supported
2024/11/14 (17:02:26) | WARNING: Intel GPU: Failed to initialize PMU

2024/11/14 (18:57:43) | ===> btop++ v.1.4.0
2024/11/14 (18:57:43) | WARNING: NVML: Failed to get maximum GPU power draw, defaulting to 225W: Not Supported
2024/11/14 (18:57:43) | WARNING: Intel GPU: Failed to initialize PMU

2024/11/14 (21:52:41) | ===> btop++ v.1.4.0
2024/11/14 (21:52:41) | WARNING: NVML: Failed to get maximum GPU power draw, defaulting to 225W: Not Supported
2024/11/14 (21:52:41) | WARNING: Intel GPU: Failed to initialize PMU

2024/11/14 (21:54:58) | ===> btop++ v.1.4.0
2024/11/14 (21:54:58) | WARNING: NVML: Failed to get maximum GPU power draw, defaulting to 225W: Not Supported
2024/11/14 (21:54:58) | WARNING: Intel GPU: Failed to initialize PMU

2024/11/14 (22:34:17) | ===> btop++ v.1.4.0
2024/11/14 (22:34:17) | WARNING: NVML: Failed to get maximum GPU power draw, defaulting to 225W: Not Supported
2024/11/14 (22:34:17) | WARNING: Intel GPU: Failed to initialize PMU

2024/11/14 (22:35:12) | ===> btop++ v.1.4.0
2024/11/14 (22:35:12) | WARNING: NVML: Failed to get maximum GPU power draw, defaulting to 225W: Not Supported
2024/11/14 (22:35:12) | WARNING: Intel GPU: Failed to initialize PMU

2024/11/15 (11:13:41) | ===> btop++ v.1.4.0
2024/11/15 (11:13:41) | WARNING: NVML: Failed to get maximum GPU power draw, defaulting to 225W: Not Supported
2024/11/15 (11:13:41) | WARNING: Intel GPU: Failed to initialize PMU

2024/11/15 (20:10:10) | ===> btop++ v.1.4.0
2024/11/15 (20:10:10) | WARNING: NVML: Failed to get maximum GPU power draw, defaulting to 225W: Not Supported
2024/11/15 (20:10:10) | WARNING: Intel GPU: Failed to initialize PMU

2024/11/15 (20:10:18) | ===> btop++ v.1.4.0
2024/11/15 (20:10:18) | WARNING: NVML: Failed to get maximum GPU power draw, defaulting to 225W: Not Supported
2024/11/15 (20:10:18) | WARNING: Intel GPU: Failed to initialize PMU
2024/11/15 (20:48:25) | ERROR: Couldn't determine terminal size of "STDOUT_FILENO"!
2024/11/15 (20:48:25) | ERROR: Couldn't determine terminal size of "/dev/tty"!

2024/11/15 (21:36:56) | ===> btop++ v.1.4.0
2024/11/15 (21:36:56) | WARNING: NVML: Failed to get maximum GPU power draw, defaulting to 225W: Not Supported
2024/11/15 (21:36:56) | WARNING: Intel GPU: Failed to initialize PMU

2024/11/16 (01:33:00) | ===> btop++ v.1.4.0
2024/11/16 (01:33:00) | WARNING: NVML: Failed to get maximum GPU power draw, defaulting to 225W: Not Supported
2024/11/16 (01:33:00) | WARNING: Intel GPU: Failed to initialize PMU

2024/11/16 (15:53:01) | ===> btop++ v.1.4.0
2024/11/16 (15:53:01) | WARNING: NVML: Failed to get maximum GPU power draw, defaulting to 225W: Not Supported
2024/11/16 (15:53:01) | WARNING: Intel GPU: Failed to initialize PMU

2024/11/16 (17:56:14) | ===> btop++ v.1.4.0
2024/11/16 (17:56:14) | WARNING: NVML: Failed to get maximum GPU power draw, defaulting to 225W: Not Supported
2024/11/16 (17:56:14) | WARNING: Intel GPU: Failed to initialize PMU

2024/11/18 (01:57:45) | ===> btop++ v.1.4.0
2024/11/18 (01:57:45) | WARNING: NVML: Failed to get maximum GPU power draw, defaulting to 225W: Not Supported
2024/11/18 (01:57:45) | WARNING: Intel GPU: Failed to initialize PMU

2024/11/18 (02:00:49) | ===> btop++ v.1.4.0
2024/11/18 (02:00:49) | WARNING: NVML: Failed to get maximum GPU power draw, defaulting to 225W: Not Supported
2024/11/18 (02:00:49) | WARNING: Intel GPU: Failed to initialize PMU

2024/11/18 (11:04:48) | ===> btop++ v.1.4.0
2024/11/18 (11:04:48) | WARNING: NVML: Failed to get maximum GPU power draw, defaulting to 225W: Not Supported
2024/11/18 (11:04:48) | WARNING: Intel GPU: Failed to initialize PMU

2024/11/18 (11:21:31) | ===> btop++ v.1.4.0
2024/11/18 (11:21:31) | WARNING: NVML: Failed to get maximum GPU power draw, defaulting to 225W: Not Supported
2024/11/18 (11:21:31) | WARNING: Intel GPU: Failed to initialize PMU
2024/11/18 (12:45:01) | ERROR: Stall in Runner thread, restarting!

2024/11/19 (17:17:33) | ===> btop++ v.1.4.0
2024/11/19 (17:17:33) | WARNING: NVML: Failed to get maximum GPU power draw, defaulting to 225W: Not Supported
2024/11/19 (17:17:33) | WARNING: Intel GPU: Failed to initialize PMU

2024/11/19 (17:17:49) | ===> btop++ v.1.4.0
2024/11/19 (17:17:49) | WARNING: NVML: Failed to get maximum GPU power draw, defaulting to 225W: Not Supported
2024/11/19 (17:17:49) | WARNING: Intel GPU: Failed to initialize PMU

2024/11/19 (17:18:37) | ===> btop++ v.1.4.0
2024/11/19 (17:18:37) | WARNING: NVML: Failed to get maximum GPU power draw, defaulting to 225W: Not Supported
2024/11/19 (17:18:38) | WARNING: Intel GPU: Failed to initialize PMU

2024/11/19 (17:18:45) | ===> btop++ v.1.4.0
2024/11/19 (17:18:45) | WARNING: NVML: Failed to get maximum GPU power draw, defaulting to 225W: Not Supported
2024/11/19 (17:18:45) | WARNING: Intel GPU: Failed to initialize PMU

2024/11/19 (17:19:59) | ===> btop++ v.1.4.0
2024/11/19 (17:19:59) | WARNING: NVML: Failed to get maximum GPU power draw, defaulting to 225W: Not Supported
2024/11/19 (17:19:59) | WARNING: Intel GPU: Failed to initialize PMU

2024/11/19 (17:23:44) | ===> btop++ v.1.4.0
2024/11/19 (17:23:44) | WARNING: NVML: Failed to get maximum GPU power draw, defaulting to 225W: Not Supported
2024/11/19 (17:23:44) | WARNING: Intel GPU: Failed to initialize PMU

2024/11/19 (19:44:14) | ===> btop++ v.1.4.0
2024/11/19 (19:44:14) | WARNING: NVML: Failed to get maximum GPU power draw, defaulting to 225W: Not Supported
2024/11/19 (19:44:14) | WARNING: Intel GPU: Failed to initialize PMU

2024/11/19 (19:44:28) | ===> btop++ v.1.4.0
2024/11/19 (19:44:28) | WARNING: NVML: Failed to get maximum GPU power draw, defaulting to 225W: Not Supported
2024/11/19 (19:44:28) | WARNING: Intel GPU: Failed to initialize PMU

2024/11/19 (19:45:01) | ===> btop++ v.1.4.0
2024/11/19 (19:45:01) | WARNING: NVML: Failed to get maximum GPU power draw, defaulting to 225W: Not Supported
2024/11/19 (19:45:01) | WARNING: Intel GPU: Failed to initialize PMU

2024/11/19 (21:05:46) | ===> btop++ v.1.4.0
2024/11/19 (21:05:46) | WARNING: NVML: Failed to get maximum GPU power draw, defaulting to 225W: Not Supported
2024/11/19 (21:05:46) | WARNING: Intel GPU: Failed to initialize PMU
